f:\studium\monash\gp_cpp\battleship\fit2049 - week 5 code\debug\vc140.pdb
f:\studium\monash\gp_cpp\battleship\fit2049 - week 5 code\debug\vc140.idb
f:\studium\monash\gp_cpp\battleship\fit2049 - week 5 code\debug\battleshipgame.obj
f:\studium\monash\gp_cpp\battleship\fit2049 - week 5 code\debug\button.obj
f:\studium\monash\gp_cpp\battleship\fit2049 - week 5 code\debug\camera.obj
f:\studium\monash\gp_cpp\battleship\fit2049 - week 5 code\debug\direct3d.obj
f:\studium\monash\gp_cpp\battleship\fit2049 - week 5 code\debug\game.obj
f:\studium\monash\gp_cpp\battleship\fit2049 - week 5 code\debug\gamemenu.obj
f:\studium\monash\gp_cpp\battleship\fit2049 - week 5 code\debug\gameobject.obj
f:\studium\monash\gp_cpp\battleship\fit2049 - week 5 code\debug\inputcontroller.obj
f:\studium\monash\gp_cpp\battleship\fit2049 - week 5 code\debug\loadingstate.obj
f:\studium\monash\gp_cpp\battleship\fit2049 - week 5 code\debug\main.obj
f:\studium\monash\gp_cpp\battleship\fit2049 - week 5 code\debug\mesh.obj
f:\studium\monash\gp_cpp\battleship\fit2049 - week 5 code\debug\shader.obj
f:\studium\monash\gp_cpp\battleship\fit2049 - week 5 code\debug\spinningobject.obj
f:\studium\monash\gp_cpp\battleship\fit2049 - week 5 code\debug\texture.obj
f:\studium\monash\gp_cpp\battleship\fit2049 - week 5 code\debug\texturedshader.obj
f:\studium\monash\gp_cpp\battleship\fit2049 - week 5 code\debug\window.obj
f:\studium\monash\gp_cpp\battleship\fit2049 - week 5 code\debug\gameboard.obj
f:\studium\monash\gp_cpp\battleship\debug\battleship.ilk
f:\studium\monash\gp_cpp\battleship\debug\battleship.exe
f:\studium\monash\gp_cpp\battleship\debug\battleship.pdb
f:\studium\monash\gp_cpp\battleship\fit2049 - week 5 code\debug\fit2049 - week 5 code.vcxprojresolveassemblyreference.cache
f:\studium\monash\gp_cpp\battleship\fit2049 - week 5 code\debug\battleship.tlog\cl.read.1.tlog
f:\studium\monash\gp_cpp\battleship\fit2049 - week 5 code\debug\battleship.tlog\cl.write.1.tlog
f:\studium\monash\gp_cpp\battleship\fit2049 - week 5 code\debug\battleship.tlog\cl.command.1.tlog
f:\studium\monash\gp_cpp\battleship\fit2049 - week 5 code\debug\battleship.tlog\link.read.1.tlog
f:\studium\monash\gp_cpp\battleship\fit2049 - week 5 code\debug\battleship.tlog\link.write.1.tlog
f:\studium\monash\gp_cpp\battleship\fit2049 - week 5 code\debug\battleship.tlog\link.command.1.tlog
